Logged in as Garbagebot#8245!
Current lowest prices for Yooka-Laylee 
Store: GreenManGaming, Current Price $10.56, Original Price: $39.99 
Store: Fanatical, Current Price $11.19, Original Price: $39.99 
Store: Nuuvem, Current Price $11.99, Original Price: $39.99 
Store: IndieGala Store, Current Price $11.99, Original Price: $39.99 
Store: Humble Store, Current Price $11.99, Original Price: $39.99 
Store: GamersGate, Current Price $12, Original Price: $39.99 
Store: GameBillet, Current Price $32.79, Original Price: $39.99 
Store: DLGamer, Current Price $33.99, Original Price: $39.99 
Store: Dreamgame, Current Price $34.31, Original Price: $39.99 
Store: GamesPlanet US, Current Price $35.99, Original Price: $39.99 
Store: Savemi, Current Price $38.2, Original Price: $38.2 
Store: Gemly, Current Price $39.99, Original Price: $39.99 
Store: SilaGames, Current Price $39.99, Original Price: $39.99 
Store: GOG, Current Price $39.99, Original Price: $39.99 
Store: AllYouPlay, Current Price $39.99, Original Price: $39.99 
Store: 2game, Current Price $39.99, Original Price: $39.99 
Store: Steam, Current Price $39.99, Original Price: $39.99 
Store: Microsoft Store, Current Price $39.99, Original Price: $39.99 
Store: Humble Store, Current Price $39.99, Original Price: $39.99 
Store: GamesPlanet DE, Current Price $40.48, Original Price: $44.97 
Store: GamesPlanet FR, Current Price $40.48, Original Price: $44.97 
Store: GamesPlanet UK, Current Price $40.94, Original Price: $45.49 

Current lowest prices for Devil May Cry 5 
Store: GameBillet, Current Price $44.98, Original Price: $59.99 
Store: GamesPlanet US, Current Price $44.99, Original Price: $59.99 
Store: GreenManGaming, Current Price $46.79, Original Price: $59.99 
Store: Fanatical, Current Price $47.39, Original Price: $59.99 
Store: GamesPlanet UK, Current Price $49.39, Original Price: $58.49 
Store: GamesPlanet DE, Current Price $50.6, Original Price: $67.47 
Store: GamesPlanet FR, Current Price $50.6, Original Price: $67.47 
Store: Savemi, Current Price $59.95, Original Price: $59.95 
Store: Voidu, Current Price $59.99, Original Price: $59.99 
Store: GameStop PC, Current Price $59.99, Original Price: $59.99 
Store: GamersGate, Current Price $59.99, Original Price: $59.99 

Current lowest prices for Yooka Laylee 
Store: GreenManGaming, Current Price $10.56, Original Price: $39.99 
Store: Fanatical, Current Price $11.19, Original Price: $39.99 
Store: Nuuvem, Current Price $11.99, Original Price: $39.99 
Store: IndieGala Store, Current Price $11.99, Original Price: $39.99 
Store: Humble Store, Current Price $11.99, Original Price: $39.99 
Store: GamersGate, Current Price $12, Original Price: $39.99 
Store: GameBillet, Current Price $32.79, Original Price: $39.99 
Store: DLGamer, Current Price $33.99, Original Price: $39.99 
Store: Dreamgame, Current Price $34.31, Original Price: $39.99 
Store: GamesPlanet US, Current Price $35.99, Original Price: $39.99 
Store: Savemi, Current Price $38.2, Original Price: $38.2 
Store: Gemly, Current Price $39.99, Original Price: $39.99 
Store: SilaGames, Current Price $39.99, Original Price: $39.99 
Store: GOG, Current Price $39.99, Original Price: $39.99 
Store: AllYouPlay, Current Price $39.99, Original Price: $39.99 
Store: 2game, Current Price $39.99, Original Price: $39.99 
Store: Steam, Current Price $39.99, Original Price: $39.99 
Store: Microsoft Store, Current Price $39.99, Original Price: $39.99 
Store: Humble Store, Current Price $39.99, Original Price: $39.99 
Store: GamesPlanet DE, Current Price $40.48, Original Price: $44.97 
Store: GamesPlanet FR, Current Price $40.48, Original Price: $44.97 
Store: GamesPlanet UK, Current Price $40.94, Original Price: $45.49 

Current lowest prices for Yooka Laylee 
Store: GreenManGaming, Current Price $10.56, Original Price: $39.99 
Store: Fanatical, Current Price $11.19, Original Price: $39.99 
Store: Nuuvem, Current Price $11.99, Original Price: $39.99 
Store: IndieGala Store, Current Price $11.99, Original Price: $39.99 
Store: Humble Store, Current Price $11.99, Original Price: $39.99 
Store: GamersGate, Current Price $12, Original Price: $39.99 
Store: GameBillet, Current Price $32.79, Original Price: $39.99 
Store: DLGamer, Current Price $33.99, Original Price: $39.99 
Store: Dreamgame, Current Price $34.31, Original Price: $39.99 
Store: GamesPlanet US, Current Price $35.99, Original Price: $39.99 
Store: Savemi, Current Price $38.2, Original Price: $38.2 
Store: Gemly, Current Price $39.99, Original Price: $39.99 
Store: SilaGames, Current Price $39.99, Original Price: $39.99 
Store: GOG, Current Price $39.99, Original Price: $39.99 
Store: AllYouPlay, Current Price $39.99, Original Price: $39.99 
Store: 2game, Current Price $39.99, Original Price: $39.99 
Store: Steam, Current Price $39.99, Original Price: $39.99 
Store: Microsoft Store, Current Price $39.99, Original Price: $39.99 
Store: Humble Store, Current Price $39.99, Original Price: $39.99 
Store: GamesPlanet DE, Current Price $40.48, Original Price: $44.97 
Store: GamesPlanet FR, Current Price $40.48, Original Price: $44.97 
Store: GamesPlanet UK, Current Price $40.94, Original Price: $45.49 

Current lowest prices for Yookhttps://api.isthereanydeal.com/v01/game/prices/?key=undefined&plains=yookalaylee&country=US
Current prices for Yooka Laylee 
Store: GreenManGaming, Current Price $10.56, Link: http://www.dpbolvw.net/click-6305441-10912384?URL=https%3A%2F%2Fwww.greenmangaming.com%2Fgames%2Fyooka-laylee%2F 
Store: Fanatical, Current Price $11.19, Link: http://www.jdoqocy.com/click-6305441-13212017?URL=https%3A%2F%2Fwww.fanatical.com%2Fen%2Fgame%2Fyooka-laylee 
Store: Nuuvem, Current Price $11.99, Link: https://www.nuuvem.com/item/yooka-laylee 
Store: IndieGala Store, Current Price $11.99, Link: http://www.indiegala.com/store/product/360830 
Store: Humble Store, Current Price $11.99, Link: https://www.humblebundle.com/store/p/yookalaylee_storefront 
Store: GamersGate, Current Price $12, Link: http://www.dpbolvw.net/click-6305441-10785951?URL=https%3A%2F%2Fwww.gamersgate.com%2FDD-YOOKA-LAYLEE-GN%2Fyoka-layle%3Fcaff%3D3964022 
Store: GameBillet, Current Price $32.79, Link: https://www.gamebillet.com/yooka-laylee?affiliate=1c8adfeb-78f3-4d89-9a91-5b697ec73e37 
Store: DLGamer, Current Price $33.99, Link: https://www.dlgamer.com/us/games/buy-yooka-laylee-39779?affil=3429886050 
Store: Dreamgame, Current Price $34.31, Link: https://www.dreamgame.com/us/yooka-laylee?___store=dreamgamecom&acc=464 
Store: GamesPlanet US, Current Price $35.99, Link: https://us.gamesplanet.com/game/yooka-laylee-steam-key--3206-1?ref=itad 
Store: Savemi, Current Price $38.2, Link: https://www.savemi.com.au/product/yooka-laylee/?ref=4773 
Store: Gemly, Current Price $39.99, Link: https://gemly.com/shop/Yooka-Laylee-1320000/1320000101 
Store: SilaGames, Current Price $39.99, Link: https://store.silagames.com/game/3215/yooka-laylee/?idAffiliate=17490 
Store: GOG, Current Price $39.99, Link: http://www.gog.com/game/yookalaylee?pp=a93c168323147d1135503939396cac628dc194c5 
Store: AllYouPlay, Current Price $39.99, Link: https://www.allyouplay.com/en/yooka-laylee 
Store: 2game, Current Price $39.99, Link: https://2game.com/us/yooka-laylee?ref=isthereanydeal&utm_source=Tapfiliate&utm_medium=referral&utm_campaign=isthereanydeal 
Store: Steam, Current Price $39.99, Link: https://store.steampowered.com/app/360830/ 
Store: Microsoft Store, Current Price $39.99, Link: https://www.microsoft.com/en-us/p/yooka-laylee/9n10nlt8rl52?cid=msft_web_chart 
Store: Humble Store, Current Price $39.99, Link: https://www.humblebundle.com/store/p/yooka_laylee_switch_storefront 
Store: GamesPlanet DE, Current Price $40.48, Link: https://de.gamesplanet.com/game/yooka-laylee-steam-key--3206-1?ref=itad 
Store: GamesPlanet FR, Current Price $40.48, Link: https://fr.gamesplanet.com/game/yooka-laylee-steam-key--3206-1?ref=itad 
Store: GamesPlanet UK, Current Price $40.94, Link: https://uk.gamesplanet.com/game/yooka-laylee-steam-key--3206-1?ref=itad 

(node:6076) UnhandledPromiseRejectionWarning: DiscordAPIError: Invalid Form Body
content: Must be 2000 or fewer in length.
    at item.request.gen.end (C:\Users\txh12\desktop\node\discordbot\node_modules\discord.js\src\client\rest\RequestHandlers\Sequential.js:79:15)
    at then (C:\Users\txh12\desktop\node\discordbot\node_modules\snekfetch\src\index.js:215:21)
    at process._tickCallback (internal/process/next_tick.js:68:7)
(node:6076) UnhandledPromiseRejectionWarning: Unhandled promise rejection. This error originated either by throwing inside of an async function without a catch block, or by rejecting a promise which was not handled with .catch(). (rejection id: 2)
(node:6076) [DEP0018] DeprecationWarning: Unhandled promise rejections are deprecated. In the future, promise rejections that are not handled will terminate the Node.js process with a non-zero exit code.
